Fri Apr 10 21:32:52 CDT 2015 : Apache Derby Network Server - 10.10.1.3 - (1557168) started and ready to accept connections on port 1527
----------------------------------------------------------------
Fri Apr 10 21:32:53 CDT 2015:
Booting Derby version The Apache Software Foundation - Apache Derby - 10.10.1.3 - (1557168): instance a816c00e-014c-a652-97b3-00005c2b72e1 
on database directory C:\Users\Mystrunner\Documents\GitHub\IT353Project\JavaGroupProject\database\IT353 with class loader sun.misc.Launcher$AppClassLoader@1d44bcfa 
Loaded from file:/C:/Program%20Files/Java/jdk1.8.0_25/db/lib/derby.jar
java.vendor=Oracle Corporation
java.runtime.version=1.8.0_25-b18
user.dir=C:\Program Files\Java\jdk1.8.0_25\db
os.name=Windows 8.1
os.arch=amd64
os.version=6.3
derby.system.home=C:\Users\Mystrunner\Documents\GitHub\IT353Project\JavaGroupProject\database
Database Class Loader started - derby.database.classpath=''
----------------------------------------------------------------
Fri Apr 10 21:32:54 CDT 2015:
Shutting down instance a816c00e-014c-a652-97b3-00005c2b72e1 on database directory C:\Users\Mystrunner\Documents\GitHub\IT353Project\JavaGroupProject\database\IT353 with class loader sun.misc.Launcher$AppClassLoader@1d44bcfa 
Fri Apr 10 21:32:54 CDT 2015 Thread[DRDAConnThread_3,5,main] (DATABASE = IT353), (DRDAID = {2}), Database 'IT353' shutdown.
----------------------------------------------------------------
Fri Apr 10 21:33:04 CDT 2015:
Booting Derby version The Apache Software Foundation - Apache Derby - 10.10.1.3 - (1557168): instance 560740aa-014c-a652-97b3-00005c2b72e1 
on database directory C:\Users\Mystrunner\Documents\GitHub\IT353Project\JavaGroupProject\database\IT353 with class loader sun.misc.Launcher$AppClassLoader@1d44bcfa 
Loaded from file:/C:/Program%20Files/Java/jdk1.8.0_25/db/lib/derby.jar
java.vendor=Oracle Corporation
java.runtime.version=1.8.0_25-b18
user.dir=C:\Program Files\Java\jdk1.8.0_25\db
os.name=Windows 8.1
os.arch=amd64
os.version=6.3
derby.system.home=C:\Users\Mystrunner\Documents\GitHub\IT353Project\JavaGroupProject\database
Database Class Loader started - derby.database.classpath=''
